<?xml version="1.0" encoding="UTF-8"?>
<!-- Generated by org.testng.reporters.JUnitXMLReporter -->
<testsuite hostname="DESKTOP-EOVFTQQ" ignored="0" name="testProj" tests="2" failures="1" timestamp="12 十二月 2018 03:15:31 GMT" time="0.332" errors="0">
  <testcase name="test1" time="0.301" classname="com.dingtone.HttpClientUtilTest">
    <failure type="java.lang.IllegalArgumentException" message="Illegal character in scheme name at index 0: 54.241.20.16:8080/dummy/v1/isDummy?trackCode=0">
      <![CDATA[java.lang.IllegalArgumentException: Illegal character in scheme name at index 0: 54.241.20.16:8080/dummy/v1/isDummy?trackCode=0
at java.net.URI.create(URI.java:852)
at org.apache.http.client.methods.HttpPost.<init>(HttpPost.java:73)
at com.dingdong.utils.HttpClientUtil.doPost(HttpClientUtil.java:46)
at com.dingtone.HttpClientUtilTest.test1(HttpClientUtilTest.java:28)
Caused by: java.net.URISyntaxException: Illegal character in scheme name at index 0: 54.241.20.16:8080/dummy/v1/isDummy?trackCode=0
at java.net.URI$Parser.fail(URI.java:2848)
at java.net.URI$Parser.checkChars(URI.java:3021)
at java.net.URI$Parser.checkChar(URI.java:3031)
at java.net.URI$Parser.parse(URI.java:3047)
at java.net.URI.<init>(URI.java:588)
at java.net.URI.create(URI.java:850)
... 27 more
... Removed 24 stack frames]]>
    </failure>
  </testcase> <!-- test1 -->
  <testcase name="test2" time="0.0" classname="com.dingtone.HttpClientUtilTest"/>
</testsuite> <!-- testProj -->
