<?xml version="1.0" encoding="UTF-8"?>
<testng-results skipped="0" failed="0" ignored="0" total="1" passed="1">
  <reporter-output>
  </reporter-output>
  <suite name="Default Suite" duration-ms="817" started-at="2018-12-18T09:40:27Z" finished-at="2018-12-18T09:40:28Z">
    <groups>
    </groups>
    <test name="testProj" duration-ms="817" started-at="2018-12-18T09:40:27Z" finished-at="2018-12-18T09:40:28Z">
      <class name="com.dingtone.HttpClientUtilTest">
        <test-method status="PASS" signature="test1()[pri:0, instance:com.dingtone.HttpClientUtilTest@1c3a4799]" name="test1" duration-ms="787" started-at="2018-12-18T09:40:27Z" finished-at="2018-12-18T09:40:28Z">
          <reporter-output>
          </reporter-output>
        </test-method> <!-- test1 -->
      </class> <!-- com.dingtone.HttpClientUtilTest -->
    </test> <!-- testProj -->
  </suite> <!-- Default Suite -->
</testng-results>
